2022/12/22 06:35:28 INFO         ---------------------------------------
2022/12/22 06:35:28 INFO         application started
2022/12/22 06:35:28 MAIN         [START] start listening on: ':12345'
2022/12/22 06:35:28 INFO         [START] GO handling incoming requests
2022/12/22 06:37:14 MAIN         [HANDLE] start serving client: '127.0.0.1:50766'
2022/12/22 06:37:30 DEBUG        [ReadUntilEOF] read [6] bytes from stream
2022/12/22 06:40:24 MAIN         [HANDLE] start serving client: '192.168.178.60:48934'
2022/12/22 06:40:30 DEBUG        [ReadUntilEOF] read [15] bytes from stream
2022/12/22 06:40:42 MAIN         CTRL+C retrieved
2022/12/22 06:40:42 ERROR        [HANDLE] error on retrieving incoming request
2022/12/22 06:40:42 ERROR        [HANDLE] error on retrieving incoming request
2022/12/22 06:40:42 ERROR        [HANDLE] error on retrieving incoming request
2022/12/22 06:40:42 ERROR        [HANDLE] error on retrieving incoming request
2022/12/22 06:40:42 ERROR        [HANDLE] error on retrieving incoming request
2022/12/22 06:40:42 ERROR        [HANDLE] error on retrieving incoming request
2022/12/22 06:40:42 ERROR        [HANDLE] error on retrieving incoming request
2022/12/22 06:40:42 ERROR        [HANDLE] error on retrieving incoming request
2022/12/22 06:40:42 ERROR        [HANDLE] error on retrieving incoming request
2022/12/22 06:40:42 ERROR        [HANDLE] error on retrieving incoming request
2022/12/22 06:40:42 ERROR        [HANDLE] error on retrieving incoming request
2022/12/22 06:40:42 ERROR        [HANDLE] error on retrieving incoming request
2022/12/22 06:40:42 ERROR        [HANDLE] error on retrieving incoming request
2022/12/22 06:40:42 ERROR        [HANDLE] error on retrieving incoming request
2022/12/22 06:40:42 ERROR        [HANDLE] error on retrieving incoming request
2022/12/22 06:40:42 ERROR        [HANDLE] error on retrieving incoming request
2022/12/22 06:40:42 ERROR        [HANDLE] error on retrieving incoming request
2022/12/22 06:40:42 ERROR        [HANDLE] error on retrieving incoming request
2022/12/22 06:40:42 ERROR        [HANDLE] error on retrieving incoming request
2022/12/22 06:40:42 ERROR        [HANDLE] error on retrieving incoming request
2022/12/22 06:40:42 ERROR        [HANDLE] error on retrieving incoming request
2022/12/22 06:40:42 ERROR        [HANDLE] error on retrieving incoming request
2022/12/22 06:40:42 MAIN         [HANDLE] retreive quit command
2022/12/22 06:43:26 INFO         ---------------------------------------
2022/12/22 06:43:26 INFO         application started
2022/12/22 06:43:26 MAIN         [START] start listening on: ':12345'
2022/12/22 06:43:26 INFO         [START] GO handling incoming requests
2022/12/22 06:43:28 MAIN         CTRL+C retrieved
2022/12/22 06:43:28 INFO         [STOP] stop listening
2022/12/22 06:43:28 ERROR        [HANDLE] error on retrieving incoming request
2022/12/22 06:43:28 ERROR        [HANDLE] error on retrieving incoming request
2022/12/22 06:43:28 INFO         [STOP] send wuit command
2022/12/22 06:43:28 MAIN         [HANDLE] retreive quit command
2022/12/22 06:43:28 INFO         [STOP] wait for connection closing
2022/12/22 06:43:28 INFO         [STOP] clear quit channel
2022/12/22 06:45:42 INFO         ---------------------------------------
2022/12/22 06:45:42 INFO         application started
2022/12/22 06:45:42 MAIN         [START] start listening on: ':12345'
2022/12/22 06:45:42 INFO         [START] GO handling incoming requests
2022/12/22 06:45:44 MAIN         CTRL+C retrieved
2022/12/22 06:45:44 INFO         [STOP] send quit command
2022/12/22 06:50:17 INFO         ---------------------------------------
2022/12/22 06:50:17 INFO         application started
2022/12/22 06:50:17 MAIN         [START] start listening on: ':12345'
2022/12/22 06:50:17 INFO         [START] GO handling incoming requests
2022/12/22 06:50:20 MAIN         CTRL+C retrieved
2022/12/22 06:50:20 INFO         [STOP] send quit command
2022/12/22 06:50:20 INFO         [STOP] stop listening
2022/12/22 06:50:20 MAIN         [HANDLE] retreive quit command
2022/12/22 06:50:20 INFO         [STOP] wait for connection closing
2022/12/22 06:50:20 INFO         [STOP] clear quit channel
2022/12/22 06:59:34 INFO         ---------------------------------------
2022/12/22 06:59:34 INFO         application started
2022/12/22 06:59:34 MAIN         [START] start listening on: ':12345'
2022/12/22 06:59:34 INFO         [START] GO handling incoming requests
2022/12/22 07:00:14 MAIN         [HANDLE] start serving client: '127.0.0.1:34246'
2022/12/22 07:00:18 DEBUG        [ReadUntilEOF] read [7] bytes from stream
2022/12/22 07:00:51 MAIN         CTRL+C retrieved
2022/12/22 07:00:51 INFO         [STOP] send quit command
2022/12/22 07:00:51 INFO         [STOP] stop listening
2022/12/22 07:00:51 MAIN         [HANDLE] retreive quit command
2022/12/22 07:00:51 INFO         [STOP] wait for connection closing
2022/12/22 07:00:51 INFO         [STOP] clear quit channel
2022/12/22 07:02:16 INFO         ---------------------------------------
2022/12/22 07:02:16 INFO         application started
2022/12/22 07:02:16 MAIN         [START] start listening on: ':12345'
2022/12/22 07:02:16 INFO         [START] GO handling incoming requests
2022/12/22 07:02:21 MAIN         CTRL+C retrieved
2022/12/22 07:02:21 INFO         [STOP] send quit command
2022/12/22 07:02:21 INFO         [STOP] stop listening
2022/12/22 07:02:21 MAIN         [HANDLE] retreive quit command
2022/12/22 07:02:21 INFO         [STOP] wait for connection closing
2022/12/22 07:02:21 INFO         [STOP] clear quit channel
2022/12/22 07:09:54 INFO         ---------------------------------------
2022/12/22 07:09:54 INFO         application started
2022/12/22 07:09:54 MAIN         [START] start listening on: ':12345'
2022/12/22 07:09:54 INFO         [START] GO handling incoming requests
2022/12/22 07:10:01 MAIN         CTRL+C retrieved
2022/12/22 07:10:01 INFO         [STOP] send quit command
2022/12/22 07:10:01 INFO         [STOP] stop listening
2022/12/22 07:10:01 MAIN         [HANDLE] retreive quit command
2022/12/22 07:10:01 INFO         [STOP] wait for connection closing
2022/12/22 07:10:01 INFO         [STOP] clear quit channel
